<?xml version='1.0' encoding='utf8'?>
<testsuites name="/Users/ajmedford/v1g2_simple" platformio_version="6.1.19" tests="5" errors="5" failures="0" time="13.862101793289185"><testsuite name="waveshare-349:test_camera_runtime" tests="0" errors="0" failures="0" skipped="0" time="0" /><testsuite name="waveshare-349:test_wifi_client_api_service" tests="0" errors="0" failures="0" skipped="0" time="0" /><testsuite name="waveshare-349:test_power_module" tests="0" errors="0" failures="0" skipped="0" time="0" /><testsuite name="waveshare-349:test_lockout_store" tests="0" errors="0" failures="0" skipped="0" time="0" /><testsuite name="waveshare-349:test_lockout_learner" tests="0" errors="0" failures="0" skipped="0" time="0" /><testsuite name="waveshare-349:test_gps_observation_log" tests="0" errors="0" failures="0" skipped="0" time="0" /><testsuite name="waveshare-349:test_gps_runtime" tests="0" errors="0" failures="0" skipped="0" time="0" /><testsuite name="waveshare-349:test_battery_manager" tests="0" errors="0" failures="0" skipped="0" time="0" /><testsuite name="waveshare-349:test_packet_parser" tests="0" errors="0" failures="0" skipped="0" time="0" /><testsuite name="waveshare-349:test_lockout_api_service" tests="0" errors="0" failures="0" skipped="0" time="0" /><testsuite name="waveshare-349:test_connection_state" tests="0" errors="0" failures="0" skipped="0" time="0" /><testsuite name="waveshare-349:test_wifi_boot_policy" tests="0" errors="0" failures="0" skipped="0" time="0" /><testsuite name="waveshare-349:test_speed_volume" tests="0" errors="0" failures="0" skipped="0" time="0" /><testsuite name="waveshare-349:test_signal_capture_module" tests="0" errors="0" failures="0" skipped="0" time="0" /><testsuite name="waveshare-349:test_system_event_bus" tests="0" errors="0" failures="0" skipped="0" time="0" /><testsuite name="waveshare-349:test_lockout_index" tests="0" errors="0" failures="0" skipped="0" time="0" /><testsuite name="waveshare-349:test_wifi_time_api_service" tests="0" errors="0" failures="0" skipped="0" time="0" /><testsuite name="waveshare-349:test_lockout_pre_quiet" tests="0" errors="0" failures="0" skipped="0" time="0" /><testsuite name="waveshare-349:test_wifi_settings_api_service" tests="0" errors="0" failures="0" skipped="0" time="0" /><testsuite name="waveshare-349:test_camera_api_service" tests="0" errors="0" failures="0" skipped="0" time="0" /><testsuite name="waveshare-349:test_camera_event_log" tests="0" errors="0" failures="0" skipped="0" time="0" /><testsuite name="waveshare-349:test_settings" tests="0" errors="0" failures="0" skipped="0" time="0" /><testsuite name="waveshare-349:test_voice_speed_cache" tests="0" errors="0" failures="0" skipped="0" time="0" /><testsuite name="waveshare-349:test_signal_observation_log" tests="0" errors="0" failures="0" skipped="0" time="0" /><testsuite name="waveshare-349:test_backup_api_service" tests="0" errors="0" failures="0" skipped="0" time="0" /><testsuite name="waveshare-349:test_lockout_enforcer" tests="0" errors="0" failures="0" skipped="0" time="0" /><testsuite name="waveshare-349:test_wifi_v1_sync_api_service" tests="0" errors="0" failures="0" skipped="0" time="0" /><testsuite name="waveshare-349:test_speed_source_selector" tests="0" errors="0" failures="0" skipped="0" time="0" /><testsuite name="waveshare-349:test_gps_lockout_safety" tests="0" errors="0" failures="0" skipped="0" time="0" /><testsuite name="waveshare-349:test_ble_client" tests="0" errors="0" failures="0" skipped="0" time="0" /><testsuite name="waveshare-349:test_gps_api_service" tests="0" errors="0" failures="0" skipped="0" time="0" /><testsuite name="waveshare-349:test_drive_scenario" tests="0" errors="0" failures="0" skipped="0" time="0" /><testsuite name="waveshare-349:test_alert_persistence" tests="0" errors="0" failures="0" skipped="0" time="0" /><testsuite name="waveshare-349:test_debug_api_service" tests="0" errors="0" failures="0" skipped="0" time="0" /><testsuite name="waveshare-349:test_obd_state_policy" tests="0" errors="0" failures="0" skipped="0" time="0" /><testsuite name="waveshare-349:test_wifi_manager" tests="0" errors="0" failures="0" skipped="0" time="0" /><testsuite name="waveshare-349:test_audio" tests="0" errors="0" failures="0" skipped="0" time="0" /><testsuite name="waveshare-349:test_wifi_v1_profile_api_service" tests="0" errors="0" failures="0" skipped="0" time="0" /><testsuite name="waveshare-349:test_wifi_control_api_service" tests="0" errors="0" failures="0" skipped="0" time="0" /><testsuite name="waveshare-349:test_obd_api_service" tests="0" errors="0" failures="0" skipped="0" time="0" /><testsuite name="waveshare-349:test_wifi_portal_api_service" tests="0" errors="0" failures="0" skipped="0" time="0" /><testsuite name="waveshare-349:test_wifi_autopush_api_service" tests="0" errors="0" failures="0" skipped="0" time="0" /><testsuite name="waveshare-349:test_lockout_runtime_mute" tests="0" errors="0" failures="0" skipped="0" time="0" /><testsuite name="waveshare-349:test_camera_index" tests="0" errors="0" failures="0" skipped="0" time="0" /><testsuite name="waveshare-349:test_wifi_status_api_service" tests="0" errors="0" failures="0" skipped="0" time="0" /><testsuite name="waveshare-349:test_volume_fade" tests="0" errors="0" failures="0" skipped="0" time="0" /><testsuite name="waveshare-349:test_wifi_display_colors_api_service" tests="0" errors="0" failures="0" skipped="0" time="0" /><testsuite name="waveshare-349:test_display" tests="0" errors="0" failures="0" skipped="0" time="0" /><testsuite name="native:test_camera_runtime" tests="0" errors="0" failures="0" skipped="0" time="0" /><testsuite name="native:test_wifi_client_api_service" tests="0" errors="0" failures="0" skipped="0" time="0" /><testsuite name="native:test_power_module" tests="0" errors="0" failures="0" skipped="0" time="0" /><testsuite name="native:test_lockout_store" tests="0" errors="0" failures="0" skipped="0" time="0" /><testsuite name="native:test_lockout_learner" tests="0" errors="0" failures="0" skipped="0" time="0" /><testsuite name="native:test_gps_observation_log" tests="0" errors="0" failures="0" skipped="0" time="0" /><testsuite name="native:test_gps_runtime" tests="0" errors="0" failures="0" skipped="0" time="0" /><testsuite name="native:test_battery_manager" tests="0" errors="0" failures="0" skipped="0" time="0" /><testsuite name="native:test_packet_parser" tests="0" errors="0" failures="0" skipped="0" time="0" /><testsuite name="native:test_lockout_api_service" tests="0" errors="0" failures="0" skipped="0" time="0" /><testsuite name="native:test_connection_state" tests="0" errors="0" failures="0" skipped="0" time="0" /><testsuite name="native:test_wifi_boot_policy" tests="0" errors="0" failures="0" skipped="0" time="0" /><testsuite name="native:test_speed_volume" tests="0" errors="0" failures="0" skipped="0" time="0" /><testsuite name="native:test_signal_capture_module" tests="0" errors="0" failures="0" skipped="0" time="0" /><testsuite name="native:test_system_event_bus" tests="0" errors="0" failures="0" skipped="0" time="0" /><testsuite name="native:test_lockout_index" tests="0" errors="0" failures="0" skipped="0" time="0" /><testsuite name="native:test_wifi_time_api_service" tests="0" errors="0" failures="0" skipped="0" time="0" /><testsuite name="native:test_lockout_pre_quiet" tests="0" errors="0" failures="0" skipped="0" time="0" /><testsuite name="native:test_wifi_settings_api_service" tests="0" errors="0" failures="0" skipped="0" time="0" /><testsuite name="native:test_camera_api_service" tests="0" errors="0" failures="0" skipped="0" time="0" /><testsuite name="native:test_camera_event_log" tests="0" errors="0" failures="0" skipped="0" time="0" /><testsuite name="native:test_settings" tests="0" errors="0" failures="0" skipped="0" time="0" /><testsuite name="native:test_voice_speed_cache" tests="0" errors="0" failures="0" skipped="0" time="0" /><testsuite name="native:test_signal_observation_log" tests="0" errors="0" failures="0" skipped="0" time="0" /><testsuite name="native:test_backup_api_service" tests="0" errors="0" failures="0" skipped="0" time="0" /><testsuite name="native:test_lockout_enforcer" tests="0" errors="0" failures="0" skipped="0" time="0" /><testsuite name="native:test_wifi_v1_sync_api_service" tests="0" errors="0" failures="0" skipped="0" time="0" /><testsuite name="native:test_speed_source_selector" tests="0" errors="0" failures="0" skipped="0" time="0" /><testsuite name="native:test_gps_lockout_safety" tests="0" errors="0" failures="0" skipped="0" time="0" /><testsuite name="native:test_ble_client" tests="0" errors="0" failures="0" skipped="0" time="0" /><testsuite name="native:test_gps_api_service" tests="0" errors="0" failures="0" skipped="0" time="0" /><testsuite name="native:test_drive_scenario" tests="0" errors="0" failures="0" skipped="0" time="0" /><testsuite name="native:test_alert_persistence" tests="0" errors="0" failures="0" skipped="0" time="0" /><testsuite name="native:test_debug_api_service" tests="0" errors="0" failures="0" skipped="0" time="0" /><testsuite name="native:test_obd_state_policy" tests="0" errors="0" failures="0" skipped="0" time="0" /><testsuite name="native:test_wifi_manager" tests="0" errors="0" failures="0" skipped="0" time="0" /><testsuite name="native:test_audio" tests="0" errors="0" failures="0" skipped="0" time="0" /><testsuite name="native:test_wifi_v1_profile_api_service" tests="0" errors="0" failures="0" skipped="0" time="0" /><testsuite name="native:test_wifi_control_api_service" tests="0" errors="0" failures="0" skipped="0" time="0" /><testsuite name="native:test_obd_api_service" tests="0" errors="0" failures="0" skipped="0" time="0" /><testsuite name="native:test_wifi_portal_api_service" tests="0" errors="0" failures="0" skipped="0" time="0" /><testsuite name="native:test_wifi_autopush_api_service" tests="0" errors="0" failures="0" skipped="0" time="0" /><testsuite name="native:test_lockout_runtime_mute" tests="0" errors="0" failures="0" skipped="0" time="0" /><testsuite name="native:test_camera_index" tests="0" errors="0" failures="0" skipped="0" time="0" /><testsuite name="native:test_wifi_status_api_service" tests="0" errors="0" failures="0" skipped="0" time="0" /><testsuite name="native:test_volume_fade" tests="0" errors="0" failures="0" skipped="0" time="0" /><testsuite name="native:test_wifi_display_colors_api_service" tests="0" errors="0" failures="0" skipped="0" time="0" /><testsuite name="native:test_display" tests="0" errors="0" failures="0" skipped="0" time="0" /><testsuite name="device:test_camera_runtime" tests="1" errors="1" failures="0" skipped="0" time="7.067582845687866" timestamp="2026-02-18T17:37:14"><testcase name="device:test_camera_runtime" time="0" status="ERRORED"><error type="UnitTestSuiteError" message="Uploading stage has failed, see errors above. Use `pio test -vvv` option to enable verbose output." /></testcase></testsuite><testsuite name="device:test_wifi_client_api_service" tests="0" errors="0" failures="0" skipped="0" time="0" /><testsuite name="device:test_power_module" tests="0" errors="0" failures="0" skipped="0" time="0" /><testsuite name="device:test_lockout_store" tests="0" errors="0" failures="0" skipped="0" time="0" /><testsuite name="device:test_lockout_learner" tests="0" errors="0" failures="0" skipped="0" time="0" /><testsuite name="device:test_gps_observation_log" tests="0" errors="0" failures="0" skipped="0" time="0" /><testsuite name="device:test_gps_runtime" tests="0" errors="0" failures="0" skipped="0" time="0" /><testsuite name="device:test_battery_manager" tests="0" errors="0" failures="0" skipped="0" time="0" /><testsuite name="device:test_packet_parser" tests="0" errors="0" failures="0" skipped="0" time="0" /><testsuite name="device:test_lockout_api_service" tests="0" errors="0" failures="0" skipped="0" time="0" /><testsuite name="device:test_connection_state" tests="0" errors="0" failures="0" skipped="0" time="0" /><testsuite name="device:test_wifi_boot_policy" tests="1" errors="1" failures="0" skipped="0" time="1.9743809700012207" timestamp="2026-02-18T17:37:21"><testcase name="device:test_wifi_boot_policy" time="0" status="ERRORED"><error type="UnitTestSuiteError" message="Uploading stage has failed, see errors above. Use `pio test -vvv` option to enable verbose output." /></testcase></testsuite><testsuite name="device:test_speed_volume" tests="0" errors="0" failures="0" skipped="0" time="0" /><testsuite name="device:test_signal_capture_module" tests="0" errors="0" failures="0" skipped="0" time="0" /><testsuite name="device:test_system_event_bus" tests="0" errors="0" failures="0" skipped="0" time="0" /><testsuite name="device:test_lockout_index" tests="0" errors="0" failures="0" skipped="0" time="0" /><testsuite name="device:test_wifi_time_api_service" tests="0" errors="0" failures="0" skipped="0" time="0" /><testsuite name="device:test_lockout_pre_quiet" tests="0" errors="0" failures="0" skipped="0" time="0" /><testsuite name="device:test_wifi_settings_api_service" tests="0" errors="0" failures="0" skipped="0" time="0" /><testsuite name="device:test_camera_api_service" tests="0" errors="0" failures="0" skipped="0" time="0" /><testsuite name="device:test_camera_event_log" tests="0" errors="0" failures="0" skipped="0" time="0" /><testsuite name="device:test_settings" tests="0" errors="0" failures="0" skipped="0" time="0" /><testsuite name="device:test_voice_speed_cache" tests="0" errors="0" failures="0" skipped="0" time="0" /><testsuite name="device:test_signal_observation_log" tests="0" errors="0" failures="0" skipped="0" time="0" /><testsuite name="device:test_backup_api_service" tests="0" errors="0" failures="0" skipped="0" time="0" /><testsuite name="device:test_lockout_enforcer" tests="1" errors="1" failures="0" skipped="0" time="1.4396190643310547" timestamp="2026-02-18T17:37:23"><testcase name="device:test_lockout_enforcer" time="0" status="ERRORED"><error type="UnitTestSuiteError" message="Uploading stage has failed, see errors above. Use `pio test -vvv` option to enable verbose output." /></testcase></testsuite><testsuite name="device:test_wifi_v1_sync_api_service" tests="0" errors="0" failures="0" skipped="0" time="0" /><testsuite name="device:test_speed_source_selector" tests="0" errors="0" failures="0" skipped="0" time="0" /><testsuite name="device:test_gps_lockout_safety" tests="0" errors="0" failures="0" skipped="0" time="0" /><testsuite name="device:test_ble_client" tests="0" errors="0" failures="0" skipped="0" time="0" /><testsuite name="device:test_gps_api_service" tests="0" errors="0" failures="0" skipped="0" time="0" /><testsuite name="device:test_drive_scenario" tests="1" errors="1" failures="0" skipped="0" time="1.4625048637390137" timestamp="2026-02-18T17:37:25"><testcase name="device:test_drive_scenario" time="0" status="ERRORED"><error type="UnitTestSuiteError" message="Uploading stage has failed, see errors above. Use `pio test -vvv` option to enable verbose output." /></testcase></testsuite><testsuite name="device:test_alert_persistence" tests="0" errors="0" failures="0" skipped="0" time="0" /><testsuite name="device:test_debug_api_service" tests="0" errors="0" failures="0" skipped="0" time="0" /><testsuite name="device:test_obd_state_policy" tests="0" errors="0" failures="0" skipped="0" time="0" /><testsuite name="device:test_wifi_manager" tests="1" errors="1" failures="0" skipped="0" time="1.9180140495300293" timestamp="2026-02-18T17:37:26"><testcase name="device:test_wifi_manager" time="0" status="ERRORED"><error type="UnitTestSuiteError" message="Uploading stage has failed, see errors above. Use `pio test -vvv` option to enable verbose output." /></testcase></testsuite><testsuite name="device:test_audio" tests="0" errors="0" failures="0" skipped="0" time="0" /><testsuite name="device:test_wifi_v1_profile_api_service" tests="0" errors="0" failures="0" skipped="0" time="0" /><testsuite name="device:test_wifi_control_api_service" tests="0" errors="0" failures="0" skipped="0" time="0" /><testsuite name="device:test_obd_api_service" tests="0" errors="0" failures="0" skipped="0" time="0" /><testsuite name="device:test_wifi_portal_api_service" tests="0" errors="0" failures="0" skipped="0" time="0" /><testsuite name="device:test_wifi_autopush_api_service" tests="0" errors="0" failures="0" skipped="0" time="0" /><testsuite name="device:test_lockout_runtime_mute" tests="0" errors="0" failures="0" skipped="0" time="0" /><testsuite name="device:test_camera_index" tests="0" errors="0" failures="0" skipped="0" time="0" /><testsuite name="device:test_wifi_status_api_service" tests="0" errors="0" failures="0" skipped="0" time="0" /><testsuite name="device:test_volume_fade" tests="0" errors="0" failures="0" skipped="0" time="0" /><testsuite name="device:test_wifi_display_colors_api_service" tests="0" errors="0" failures="0" skipped="0" time="0" /><testsuite name="device:test_display" tests="0" errors="0" failures="0" skipped="0" time="0" /></testsuites>