<?xml version='1.0' encoding='utf8'?>
<testsuites name="/Users/ajmedford/v1g2_simple" platformio_version="6.1.19" tests="100" errors="0" failures="0" time="2.794485092163086"><testsuite name="waveshare-349:test_camera_runtime" tests="0" errors="0" failures="0" skipped="0" time="0" /><testsuite name="waveshare-349:test_wifi_client_api_service" tests="0" errors="0" failures="0" skipped="0" time="0" /><testsuite name="waveshare-349:test_power_module" tests="0" errors="0" failures="0" skipped="0" time="0" /><testsuite name="waveshare-349:test_lockout_store" tests="0" errors="0" failures="0" skipped="0" time="0" /><testsuite name="waveshare-349:test_lockout_learner" tests="0" errors="0" failures="0" skipped="0" time="0" /><testsuite name="waveshare-349:test_gps_observation_log" tests="0" errors="0" failures="0" skipped="0" time="0" /><testsuite name="waveshare-349:test_gps_runtime" tests="0" errors="0" failures="0" skipped="0" time="0" /><testsuite name="waveshare-349:test_battery_manager" tests="0" errors="0" failures="0" skipped="0" time="0" /><testsuite name="waveshare-349:test_packet_parser" tests="0" errors="0" failures="0" skipped="0" time="0" /><testsuite name="waveshare-349:test_lockout_api_service" tests="0" errors="0" failures="0" skipped="0" time="0" /><testsuite name="waveshare-349:test_connection_state" tests="0" errors="0" failures="0" skipped="0" time="0" /><testsuite name="waveshare-349:test_wifi_boot_policy" tests="0" errors="0" failures="0" skipped="0" time="0" /><testsuite name="waveshare-349:test_speed_volume" tests="0" errors="0" failures="0" skipped="0" time="0" /><testsuite name="waveshare-349:test_signal_capture_module" tests="0" errors="0" failures="0" skipped="0" time="0" /><testsuite name="waveshare-349:test_system_event_bus" tests="0" errors="0" failures="0" skipped="0" time="0" /><testsuite name="waveshare-349:test_lockout_index" tests="0" errors="0" failures="0" skipped="0" time="0" /><testsuite name="waveshare-349:test_wifi_time_api_service" tests="0" errors="0" failures="0" skipped="0" time="0" /><testsuite name="waveshare-349:test_lockout_pre_quiet" tests="0" errors="0" failures="0" skipped="0" time="0" /><testsuite name="waveshare-349:test_wifi_settings_api_service" tests="0" errors="0" failures="0" skipped="0" time="0" /><testsuite name="waveshare-349:test_camera_api_service" tests="0" errors="0" failures="0" skipped="0" time="0" /><testsuite name="waveshare-349:test_camera_event_log" tests="0" errors="0" failures="0" skipped="0" time="0" /><testsuite name="waveshare-349:test_settings" tests="0" errors="0" failures="0" skipped="0" time="0" /><testsuite name="waveshare-349:test_voice_speed_cache" tests="0" errors="0" failures="0" skipped="0" time="0" /><testsuite name="waveshare-349:test_signal_observation_log" tests="0" errors="0" failures="0" skipped="0" time="0" /><testsuite name="waveshare-349:test_backup_api_service" tests="0" errors="0" failures="0" skipped="0" time="0" /><testsuite name="waveshare-349:test_lockout_enforcer" tests="0" errors="0" failures="0" skipped="0" time="0" /><testsuite name="waveshare-349:test_wifi_v1_sync_api_service" tests="0" errors="0" failures="0" skipped="0" time="0" /><testsuite name="waveshare-349:test_speed_source_selector" tests="0" errors="0" failures="0" skipped="0" time="0" /><testsuite name="waveshare-349:test_gps_lockout_safety" tests="0" errors="0" failures="0" skipped="0" time="0" /><testsuite name="waveshare-349:test_ble_client" tests="0" errors="0" failures="0" skipped="0" time="0" /><testsuite name="waveshare-349:test_gps_api_service" tests="0" errors="0" failures="0" skipped="0" time="0" /><testsuite name="waveshare-349:test_drive_scenario" tests="0" errors="0" failures="0" skipped="0" time="0" /><testsuite name="waveshare-349:test_alert_persistence" tests="0" errors="0" failures="0" skipped="0" time="0" /><testsuite name="waveshare-349:test_debug_api_service" tests="0" errors="0" failures="0" skipped="0" time="0" /><testsuite name="waveshare-349:test_obd_state_policy" tests="0" errors="0" failures="0" skipped="0" time="0" /><testsuite name="waveshare-349:test_wifi_manager" tests="0" errors="0" failures="0" skipped="0" time="0" /><testsuite name="waveshare-349:test_audio" tests="0" errors="0" failures="0" skipped="0" time="0" /><testsuite name="waveshare-349:test_wifi_v1_profile_api_service" tests="0" errors="0" failures="0" skipped="0" time="0" /><testsuite name="waveshare-349:test_wifi_control_api_service" tests="0" errors="0" failures="0" skipped="0" time="0" /><testsuite name="waveshare-349:test_obd_api_service" tests="0" errors="0" failures="0" skipped="0" time="0" /><testsuite name="waveshare-349:test_wifi_portal_api_service" tests="0" errors="0" failures="0" skipped="0" time="0" /><testsuite name="waveshare-349:test_wifi_autopush_api_service" tests="0" errors="0" failures="0" skipped="0" time="0" /><testsuite name="waveshare-349:test_lockout_runtime_mute" tests="0" errors="0" failures="0" skipped="0" time="0" /><testsuite name="waveshare-349:test_camera_index" tests="0" errors="0" failures="0" skipped="0" time="0" /><testsuite name="waveshare-349:test_wifi_status_api_service" tests="0" errors="0" failures="0" skipped="0" time="0" /><testsuite name="waveshare-349:test_volume_fade" tests="0" errors="0" failures="0" skipped="0" time="0" /><testsuite name="waveshare-349:test_wifi_display_colors_api_service" tests="0" errors="0" failures="0" skipped="0" time="0" /><testsuite name="waveshare-349:test_display" tests="0" errors="0" failures="0" skipped="0" time="0" /><testsuite name="native:test_camera_runtime" tests="8" errors="0" failures="0" skipped="0" time="0.6613891124725342" timestamp="2026-02-18T17:37:11"><testcase name="test_forward_only_start_requires_heading_alignment" time="0" status="PASSED" file="test/test_camera_runtime/test_camera_runtime.cpp" line="311" /><testcase name="test_lifecycle_clears_on_pass_distance_and_lifts_after_exit" time="0" status="PASSED" file="test/test_camera_runtime/test_camera_runtime.cpp" line="312" /><testcase name="test_corridor_width_blocks_off_corridor_candidate" time="0" status="PASSED" file="test/test_camera_runtime/test_camera_runtime.cpp" line="313" /><testcase name="test_snap_anchor_distance_allows_match_when_raw_point_is_far" time="0" status="PASSED" file="test/test_camera_runtime/test_camera_runtime.cpp" line="314" /><testcase name="test_lifecycle_clears_on_turn_away_after_two_ticks" time="0" status="PASSED" file="test/test_camera_runtime/test_camera_runtime.cpp" line="315" /><testcase name="test_preempt_suppresses_same_pass_until_exit_then_allows_reentry" time="0" status="PASSED" file="test/test_camera_runtime/test_camera_runtime.cpp" line="316" /><testcase name="test_signal_priority_blocks_new_camera_start_until_cleared" time="0" status="PASSED" file="test/test_camera_runtime/test_camera_runtime.cpp" line="317" /><testcase name="test_memory_guard_blocks_then_recovers_candidate_scans" time="0" status="PASSED" file="test/test_camera_runtime/test_camera_runtime.cpp" line="318" /></testsuite><testsuite name="native:test_wifi_client_api_service" tests="0" errors="0" failures="0" skipped="0" time="0" /><testsuite name="native:test_power_module" tests="0" errors="0" failures="0" skipped="0" time="0" /><testsuite name="native:test_lockout_store" tests="0" errors="0" failures="0" skipped="0" time="0" /><testsuite name="native:test_lockout_learner" tests="0" errors="0" failures="0" skipped="0" time="0" /><testsuite name="native:test_gps_observation_log" tests="0" errors="0" failures="0" skipped="0" time="0" /><testsuite name="native:test_gps_runtime" tests="0" errors="0" failures="0" skipped="0" time="0" /><testsuite name="native:test_battery_manager" tests="0" errors="0" failures="0" skipped="0" time="0" /><testsuite name="native:test_packet_parser" tests="0" errors="0" failures="0" skipped="0" time="0" /><testsuite name="native:test_lockout_api_service" tests="0" errors="0" failures="0" skipped="0" time="0" /><testsuite name="native:test_connection_state" tests="0" errors="0" failures="0" skipped="0" time="0" /><testsuite name="native:test_wifi_boot_policy" tests="18" errors="0" failures="0" skipped="0" time="0.45317888259887695" timestamp="2026-02-18T17:37:12"><testcase name="test_blocked_when_wifi_disabled" time="0" status="PASSED" file="test/test_wifi_boot_policy/test_wifi_boot_policy.cpp" line="231" /><testcase name="test_blocked_when_already_started" time="0" status="PASSED" file="test/test_wifi_boot_policy/test_wifi_boot_policy.cpp" line="232" /><testcase name="test_blocked_before_ble_settle_and_before_timeout" time="0" status="PASSED" file="test/test_wifi_boot_policy/test_wifi_boot_policy.cpp" line="233" /><testcase name="test_blocked_when_ble_not_connected_and_before_timeout" time="0" status="PASSED" file="test/test_wifi_boot_policy/test_wifi_boot_policy.cpp" line="234" /><testcase name="test_allowed_after_ble_settle" time="0" status="PASSED" file="test/test_wifi_boot_policy/test_wifi_boot_policy.cpp" line="235" /><testcase name="test_allowed_after_ble_settle_with_margin" time="0" status="PASSED" file="test/test_wifi_boot_policy/test_wifi_boot_policy.cpp" line="236" /><testcase name="test_allowed_on_timeout_without_ble" time="0" status="PASSED" file="test/test_wifi_boot_policy/test_wifi_boot_policy.cpp" line="237" /><testcase name="test_allowed_on_timeout_past_deadline" time="0" status="PASSED" file="test/test_wifi_boot_policy/test_wifi_boot_policy.cpp" line="238" /><testcase name="test_blocked_when_dma_check_fails_despite_settle" time="0" status="PASSED" file="test/test_wifi_boot_policy/test_wifi_boot_policy.cpp" line="239" /><testcase name="test_blocked_when_dma_check_fails_despite_timeout" time="0" status="PASSED" file="test/test_wifi_boot_policy/test_wifi_boot_policy.cpp" line="240" /><testcase name="test_ble_settle_takes_priority_over_timeout" time="0" status="PASSED" file="test/test_wifi_boot_policy/test_wifi_boot_policy.cpp" line="241" /><testcase name="test_zero_settle_starts_immediately_on_ble" time="0" status="PASSED" file="test/test_wifi_boot_policy/test_wifi_boot_policy.cpp" line="242" /><testcase name="test_process_allowed_when_setup_mode_active" time="0" status="PASSED" file="test/test_wifi_boot_policy/test_wifi_boot_policy.cpp" line="245" /><testcase name="test_process_allowed_when_client_connected" time="0" status="PASSED" file="test/test_wifi_boot_policy/test_wifi_boot_policy.cpp" line="246" /><testcase name="test_process_blocked_when_wifi_entirely_off" time="0" status="PASSED" file="test/test_wifi_boot_policy/test_wifi_boot_policy.cpp" line="247" /><testcase name="test_process_blocked_after_autostart_disabled" time="0" status="PASSED" file="test/test_wifi_boot_policy/test_wifi_boot_policy.cpp" line="248" /><testcase name="test_process_allowed_while_waiting_for_autostart" time="0" status="PASSED" file="test/test_wifi_boot_policy/test_wifi_boot_policy.cpp" line="249" /><testcase name="test_process_blocked_after_autostart_done_and_ap_off" time="0" status="PASSED" file="test/test_wifi_boot_policy/test_wifi_boot_policy.cpp" line="250" /></testsuite><testsuite name="native:test_speed_volume" tests="0" errors="0" failures="0" skipped="0" time="0" /><testsuite name="native:test_signal_capture_module" tests="0" errors="0" failures="0" skipped="0" time="0" /><testsuite name="native:test_system_event_bus" tests="0" errors="0" failures="0" skipped="0" time="0" /><testsuite name="native:test_lockout_index" tests="0" errors="0" failures="0" skipped="0" time="0" /><testsuite name="native:test_wifi_time_api_service" tests="0" errors="0" failures="0" skipped="0" time="0" /><testsuite name="native:test_lockout_pre_quiet" tests="0" errors="0" failures="0" skipped="0" time="0" /><testsuite name="native:test_wifi_settings_api_service" tests="0" errors="0" failures="0" skipped="0" time="0" /><testsuite name="native:test_camera_api_service" tests="0" errors="0" failures="0" skipped="0" time="0" /><testsuite name="native:test_camera_event_log" tests="0" errors="0" failures="0" skipped="0" time="0" /><testsuite name="native:test_settings" tests="0" errors="0" failures="0" skipped="0" time="0" /><testsuite name="native:test_voice_speed_cache" tests="0" errors="0" failures="0" skipped="0" time="0" /><testsuite name="native:test_signal_observation_log" tests="0" errors="0" failures="0" skipped="0" time="0" /><testsuite name="native:test_backup_api_service" tests="0" errors="0" failures="0" skipped="0" time="0" /><testsuite name="native:test_lockout_enforcer" tests="24" errors="0" failures="0" skipped="0" time="0.5289359092712402" timestamp="2026-02-18T17:37:12"><testcase name="test_mode_off_skips_evaluation" time="0" status="PASSED" file="test/test_lockout_enforcer/test_lockout_enforcer.cpp" line="604" /><testcase name="test_no_gps_fix_skips_evaluation" time="0" status="PASSED" file="test/test_lockout_enforcer/test_lockout_enforcer.cpp" line="605" /><testcase name="test_no_gps_location_skips_evaluation" time="0" status="PASSED" file="test/test_lockout_enforcer/test_lockout_enforcer.cpp" line="606" /><testcase name="test_no_alerts_evaluates_no_match" time="0" status="PASSED" file="test/test_lockout_enforcer/test_lockout_enforcer.cpp" line="607" /><testcase name="test_shadow_mode_match" time="0" status="PASSED" file="test/test_lockout_enforcer/test_lockout_enforcer.cpp" line="608" /><testcase name="test_advisory_mode_match" time="0" status="PASSED" file="test/test_lockout_enforcer/test_lockout_enforcer.cpp" line="609" /><testcase name="test_enforce_mode_mutates" time="0" status="PASSED" file="test/test_lockout_enforcer/test_lockout_enforcer.cpp" line="610" /><testcase name="test_no_match_outside_zone" time="0" status="PASSED" file="test/test_lockout_enforcer/test_lockout_enforcer.cpp" line="611" /><testcase name="test_no_match_wrong_band" time="0" status="PASSED" file="test/test_lockout_enforcer/test_lockout_enforcer.cpp" line="612" /><testcase name="test_unsupported_band_never_mutes" time="0" status="PASSED" file="test/test_lockout_enforcer/test_lockout_enforcer.cpp" line="613" /><testcase name="test_ka_band_mutes_when_policy_enabled" time="0" status="PASSED" file="test/test_lockout_enforcer/test_lockout_enforcer.cpp" line="614" /><testcase name="test_no_match_wrong_freq" time="0" status="PASSED" file="test/test_lockout_enforcer/test_lockout_enforcer.cpp" line="615" /><testcase name="test_directional_forward_match_with_course" time="0" status="PASSED" file="test/test_lockout_enforcer/test_lockout_enforcer.cpp" line="616" /><testcase name="test_directional_forward_mismatch_blocks_match" time="0" status="PASSED" file="test/test_lockout_enforcer/test_lockout_enforcer.cpp" line="617" /><testcase name="test_directional_entry_requires_valid_course" time="0" status="PASSED" file="test/test_lockout_enforcer/test_lockout_enforcer.cpp" line="618" /><testcase name="test_stats_accumulate" time="0" status="PASSED" file="test/test_lockout_enforcer/test_lockout_enforcer.cpp" line="619" /><testcase name="test_empty_index_no_match" time="0" status="PASSED" file="test/test_lockout_enforcer/test_lockout_enforcer.cpp" line="620" /><testcase name="test_lastResult_reflects_latest" time="0" status="PASSED" file="test/test_lockout_enforcer/test_lockout_enforcer.cpp" line="621" /><testcase name="test_epoch_zero_still_evaluates" time="0" status="PASSED" file="test/test_lockout_enforcer/test_lockout_enforcer.cpp" line="622" /><testcase name="test_enforce_clean_pass_demotes_nearby" time="0" status="PASSED" file="test/test_lockout_enforcer/test_lockout_enforcer.cpp" line="625" /><testcase name="test_enforce_clean_pass_rate_limited" time="0" status="PASSED" file="test/test_lockout_enforcer/test_lockout_enforcer.cpp" line="626" /><testcase name="test_enforce_clean_pass_policy_interval_and_threshold" time="0" status="PASSED" file="test/test_lockout_enforcer/test_lockout_enforcer.cpp" line="627" /><testcase name="test_enforce_manual_demotion_policy_opt_in" time="0" status="PASSED" file="test/test_lockout_enforcer/test_lockout_enforcer.cpp" line="628" /><testcase name="test_shadow_no_clean_pass" time="0" status="PASSED" file="test/test_lockout_enforcer/test_lockout_enforcer.cpp" line="629" /></testsuite><testsuite name="native:test_wifi_v1_sync_api_service" tests="0" errors="0" failures="0" skipped="0" time="0" /><testsuite name="native:test_speed_source_selector" tests="0" errors="0" failures="0" skipped="0" time="0" /><testsuite name="native:test_gps_lockout_safety" tests="0" errors="0" failures="0" skipped="0" time="0" /><testsuite name="native:test_ble_client" tests="0" errors="0" failures="0" skipped="0" time="0" /><testsuite name="native:test_gps_api_service" tests="0" errors="0" failures="0" skipped="0" time="0" /><testsuite name="native:test_drive_scenario" tests="17" errors="0" failures="0" skipped="0" time="0.5600550174713135" timestamp="2026-02-18T17:37:13"><testcase name="test_alert_with_no_lockout_entry_does_not_mute" time="0" status="PASSED" file="test/test_drive_scenario/test_drive_scenario.cpp" line="803" /><testcase name="test_alert_at_lockout_zone_mutes" time="0" status="PASSED" file="test/test_drive_scenario/test_drive_scenario.cpp" line="804" /><testcase name="test_shadow_mode_evaluates_but_does_not_mute" time="0" status="PASSED" file="test/test_drive_scenario/test_drive_scenario.cpp" line="805" /><testcase name="test_no_gps_fix_skips_evaluation" time="0" status="PASSED" file="test/test_drive_scenario/test_drive_scenario.cpp" line="806" /><testcase name="test_clean_pass_decays_lockout_confidence" time="0" status="PASSED" file="test/test_drive_scenario/test_drive_scenario.cpp" line="807" /><testcase name="test_learning_lifecycle_promotes_after_three_hits" time="0" status="PASSED" file="test/test_drive_scenario/test_drive_scenario.cpp" line="810" /><testcase name="test_different_frequency_creates_separate_candidate" time="0" status="PASSED" file="test/test_drive_scenario/test_drive_scenario.cpp" line="811" /><testcase name="test_ka_band_not_learned_when_disabled" time="0" status="PASSED" file="test/test_drive_scenario/test_drive_scenario.cpp" line="812" /><testcase name="test_ka_band_learned_when_enabled" time="0" status="PASSED" file="test/test_drive_scenario/test_drive_scenario.cpp" line="813" /><testcase name="test_end_to_end_learn_then_enforce" time="0" status="PASSED" file="test/test_drive_scenario/test_drive_scenario.cpp" line="814" /><testcase name="test_learned_lockout_does_not_false_trigger_at_distant_location" time="0" status="PASSED" file="test/test_drive_scenario/test_drive_scenario.cpp" line="815" /><testcase name="test_mode_off_is_completely_inert" time="0" status="PASSED" file="test/test_drive_scenario/test_drive_scenario.cpp" line="816" /><testcase name="test_camera_activates_on_approach_heading_aligned" time="0" status="PASSED" file="test/test_drive_scenario/test_drive_scenario.cpp" line="819" /><testcase name="test_camera_suppressed_when_signal_priority_active" time="0" status="PASSED" file="test/test_drive_scenario/test_drive_scenario.cpp" line="820" /><testcase name="test_weak_alert_does_not_suppress_camera" time="0" status="PASSED" file="test/test_drive_scenario/test_drive_scenario.cpp" line="821" /><testcase name="test_lockout_mute_then_camera_memory_guard_then_recovery" time="0" status="PASSED" file="test/test_drive_scenario/test_drive_scenario.cpp" line="822" /><testcase name="test_combined_v1_alert_camera_lockout_sequence" time="0" status="PASSED" file="test/test_drive_scenario/test_drive_scenario.cpp" line="825" /></testsuite><testsuite name="native:test_alert_persistence" tests="0" errors="0" failures="0" skipped="0" time="0" /><testsuite name="native:test_debug_api_service" tests="0" errors="0" failures="0" skipped="0" time="0" /><testsuite name="native:test_obd_state_policy" tests="0" errors="0" failures="0" skipped="0" time="0" /><testsuite name="native:test_wifi_manager" tests="33" errors="0" failures="0" skipped="0" time="0.5909261703491211" timestamp="2026-02-18T17:37:13"><testcase name="test_setup_mode_enum_values" time="0" status="PASSED" file="test/test_wifi_manager/test_wifi_manager.cpp" line="347" /><testcase name="test_setup_mode_strings" time="0" status="PASSED" file="test/test_wifi_manager/test_wifi_manager.cpp" line="348" /><testcase name="test_setup_mode_unknown_string" time="0" status="PASSED" file="test/test_wifi_manager/test_wifi_manager.cpp" line="349" /><testcase name="test_wifi_client_state_enum_values" time="0" status="PASSED" file="test/test_wifi_manager/test_wifi_manager.cpp" line="352" /><testcase name="test_wifi_client_state_strings" time="0" status="PASSED" file="test/test_wifi_manager/test_wifi_manager.cpp" line="353" /><testcase name="test_wifi_client_state_unknown_string" time="0" status="PASSED" file="test/test_wifi_manager/test_wifi_manager.cpp" line="354" /><testcase name="test_network_open_auth_open" time="0" status="PASSED" file="test/test_wifi_manager/test_wifi_manager.cpp" line="357" /><testcase name="test_network_not_open_wep" time="0" status="PASSED" file="test/test_wifi_manager/test_wifi_manager.cpp" line="358" /><testcase name="test_network_not_open_wpa" time="0" status="PASSED" file="test/test_wifi_manager/test_wifi_manager.cpp" line="359" /><testcase name="test_network_not_open_wpa2" time="0" status="PASSED" file="test/test_wifi_manager/test_wifi_manager.cpp" line="360" /><testcase name="test_network_not_open_wpa3" time="0" status="PASSED" file="test/test_wifi_manager/test_wifi_manager.cpp" line="361" /><testcase name="test_network_not_open_enterprise" time="0" status="PASSED" file="test/test_wifi_manager/test_wifi_manager.cpp" line="362" /><testcase name="test_auth_mode_strings" time="0" status="PASSED" file="test/test_wifi_manager/test_wifi_manager.cpp" line="365" /><testcase name="test_auth_mode_unknown_string" time="0" status="PASSED" file="test/test_wifi_manager/test_wifi_manager.cpp" line="366" /><testcase name="test_open_no_password" time="0" status="PASSED" file="test/test_wifi_manager/test_wifi_manager.cpp" line="369" /><testcase name="test_wep_requires_password" time="0" status="PASSED" file="test/test_wifi_manager/test_wifi_manager.cpp" line="370" /><testcase name="test_wpa2_requires_password" time="0" status="PASSED" file="test/test_wifi_manager/test_wifi_manager.cpp" line="371" /><testcase name="test_wpa3_requires_password" time="0" status="PASSED" file="test/test_wifi_manager/test_wifi_manager.cpp" line="372" /><testcase name="test_ui_active_recent_request" time="0" status="PASSED" file="test/test_wifi_manager/test_wifi_manager.cpp" line="375" /><testcase name="test_ui_active_just_before_timeout" time="0" status="PASSED" file="test/test_wifi_manager/test_wifi_manager.cpp" line="376" /><testcase name="test_ui_inactive_after_timeout" time="0" status="PASSED" file="test/test_wifi_manager/test_wifi_manager.cpp" line="377" /><testcase name="test_ui_active_at_exact_timeout" time="0" status="PASSED" file="test/test_wifi_manager/test_wifi_manager.cpp" line="378" /><testcase name="test_ui_active_zero_elapsed" time="0" status="PASSED" file="test/test_wifi_manager/test_wifi_manager.cpp" line="379" /><testcase name="test_ui_active_millis_wraparound" time="0" status="PASSED" file="test/test_wifi_manager/test_wifi_manager.cpp" line="380" /><testcase name="test_ui_active_custom_timeout" time="0" status="PASSED" file="test/test_wifi_manager/test_wifi_manager.cpp" line="381" /><testcase name="test_rssi_excellent" time="0" status="PASSED" file="test/test_wifi_manager/test_wifi_manager.cpp" line="384" /><testcase name="test_rssi_good" time="0" status="PASSED" file="test/test_wifi_manager/test_wifi_manager.cpp" line="385" /><testcase name="test_rssi_fair" time="0" status="PASSED" file="test/test_wifi_manager/test_wifi_manager.cpp" line="386" /><testcase name="test_rssi_weak" time="0" status="PASSED" file="test/test_wifi_manager/test_wifi_manager.cpp" line="387" /><testcase name="test_rssi_poor" time="0" status="PASSED" file="test/test_wifi_manager/test_wifi_manager.cpp" line="388" /><testcase name="test_setup_mode_boolean_logic" time="0" status="PASSED" file="test/test_wifi_manager/test_wifi_manager.cpp" line="391" /><testcase name="test_wifi_client_disabled_is_zero" time="0" status="PASSED" file="test/test_wifi_manager/test_wifi_manager.cpp" line="392" /><testcase name="test_wifi_client_connected_is_distinct" time="0" status="PASSED" file="test/test_wifi_manager/test_wifi_manager.cpp" line="393" /></testsuite><testsuite name="native:test_audio" tests="0" errors="0" failures="0" skipped="0" time="0" /><testsuite name="native:test_wifi_v1_profile_api_service" tests="0" errors="0" failures="0" skipped="0" time="0" /><testsuite name="native:test_wifi_control_api_service" tests="0" errors="0" failures="0" skipped="0" time="0" /><testsuite name="native:test_obd_api_service" tests="0" errors="0" failures="0" skipped="0" time="0" /><testsuite name="native:test_wifi_portal_api_service" tests="0" errors="0" failures="0" skipped="0" time="0" /><testsuite name="native:test_wifi_autopush_api_service" tests="0" errors="0" failures="0" skipped="0" time="0" /><testsuite name="native:test_lockout_runtime_mute" tests="0" errors="0" failures="0" skipped="0" time="0" /><testsuite name="native:test_camera_index" tests="0" errors="0" failures="0" skipped="0" time="0" /><testsuite name="native:test_wifi_status_api_service" tests="0" errors="0" failures="0" skipped="0" time="0" /><testsuite name="native:test_volume_fade" tests="0" errors="0" failures="0" skipped="0" time="0" /><testsuite name="native:test_wifi_display_colors_api_service" tests="0" errors="0" failures="0" skipped="0" time="0" /><testsuite name="native:test_display" tests="0" errors="0" failures="0" skipped="0" time="0" /><testsuite name="device:test_camera_runtime" tests="0" errors="0" failures="0" skipped="0" time="0" /><testsuite name="device:test_wifi_client_api_service" tests="0" errors="0" failures="0" skipped="0" time="0" /><testsuite name="device:test_power_module" tests="0" errors="0" failures="0" skipped="0" time="0" /><testsuite name="device:test_lockout_store" tests="0" errors="0" failures="0" skipped="0" time="0" /><testsuite name="device:test_lockout_learner" tests="0" errors="0" failures="0" skipped="0" time="0" /><testsuite name="device:test_gps_observation_log" tests="0" errors="0" failures="0" skipped="0" time="0" /><testsuite name="device:test_gps_runtime" tests="0" errors="0" failures="0" skipped="0" time="0" /><testsuite name="device:test_battery_manager" tests="0" errors="0" failures="0" skipped="0" time="0" /><testsuite name="device:test_packet_parser" tests="0" errors="0" failures="0" skipped="0" time="0" /><testsuite name="device:test_lockout_api_service" tests="0" errors="0" failures="0" skipped="0" time="0" /><testsuite name="device:test_connection_state" tests="0" errors="0" failures="0" skipped="0" time="0" /><testsuite name="device:test_wifi_boot_policy" tests="0" errors="0" failures="0" skipped="0" time="0" /><testsuite name="device:test_speed_volume" tests="0" errors="0" failures="0" skipped="0" time="0" /><testsuite name="device:test_signal_capture_module" tests="0" errors="0" failures="0" skipped="0" time="0" /><testsuite name="device:test_system_event_bus" tests="0" errors="0" failures="0" skipped="0" time="0" /><testsuite name="device:test_lockout_index" tests="0" errors="0" failures="0" skipped="0" time="0" /><testsuite name="device:test_wifi_time_api_service" tests="0" errors="0" failures="0" skipped="0" time="0" /><testsuite name="device:test_lockout_pre_quiet" tests="0" errors="0" failures="0" skipped="0" time="0" /><testsuite name="device:test_wifi_settings_api_service" tests="0" errors="0" failures="0" skipped="0" time="0" /><testsuite name="device:test_camera_api_service" tests="0" errors="0" failures="0" skipped="0" time="0" /><testsuite name="device:test_camera_event_log" tests="0" errors="0" failures="0" skipped="0" time="0" /><testsuite name="device:test_settings" tests="0" errors="0" failures="0" skipped="0" time="0" /><testsuite name="device:test_voice_speed_cache" tests="0" errors="0" failures="0" skipped="0" time="0" /><testsuite name="device:test_signal_observation_log" tests="0" errors="0" failures="0" skipped="0" time="0" /><testsuite name="device:test_backup_api_service" tests="0" errors="0" failures="0" skipped="0" time="0" /><testsuite name="device:test_lockout_enforcer" tests="0" errors="0" failures="0" skipped="0" time="0" /><testsuite name="device:test_wifi_v1_sync_api_service" tests="0" errors="0" failures="0" skipped="0" time="0" /><testsuite name="device:test_speed_source_selector" tests="0" errors="0" failures="0" skipped="0" time="0" /><testsuite name="device:test_gps_lockout_safety" tests="0" errors="0" failures="0" skipped="0" time="0" /><testsuite name="device:test_ble_client" tests="0" errors="0" failures="0" skipped="0" time="0" /><testsuite name="device:test_gps_api_service" tests="0" errors="0" failures="0" skipped="0" time="0" /><testsuite name="device:test_drive_scenario" tests="0" errors="0" failures="0" skipped="0" time="0" /><testsuite name="device:test_alert_persistence" tests="0" errors="0" failures="0" skipped="0" time="0" /><testsuite name="device:test_debug_api_service" tests="0" errors="0" failures="0" skipped="0" time="0" /><testsuite name="device:test_obd_state_policy" tests="0" errors="0" failures="0" skipped="0" time="0" /><testsuite name="device:test_wifi_manager" tests="0" errors="0" failures="0" skipped="0" time="0" /><testsuite name="device:test_audio" tests="0" errors="0" failures="0" skipped="0" time="0" /><testsuite name="device:test_wifi_v1_profile_api_service" tests="0" errors="0" failures="0" skipped="0" time="0" /><testsuite name="device:test_wifi_control_api_service" tests="0" errors="0" failures="0" skipped="0" time="0" /><testsuite name="device:test_obd_api_service" tests="0" errors="0" failures="0" skipped="0" time="0" /><testsuite name="device:test_wifi_portal_api_service" tests="0" errors="0" failures="0" skipped="0" time="0" /><testsuite name="device:test_wifi_autopush_api_service" tests="0" errors="0" failures="0" skipped="0" time="0" /><testsuite name="device:test_lockout_runtime_mute" tests="0" errors="0" failures="0" skipped="0" time="0" /><testsuite name="device:test_camera_index" tests="0" errors="0" failures="0" skipped="0" time="0" /><testsuite name="device:test_wifi_status_api_service" tests="0" errors="0" failures="0" skipped="0" time="0" /><testsuite name="device:test_volume_fade" tests="0" errors="0" failures="0" skipped="0" time="0" /><testsuite name="device:test_wifi_display_colors_api_service" tests="0" errors="0" failures="0" skipped="0" time="0" /><testsuite name="device:test_display" tests="0" errors="0" failures="0" skipped="0" time="0" /></testsuites>